<?xml version="1.0" encoding="UTF-8"?>
<!-- Generated by org.testng.reporters.JUnitReportReporter -->
<testsuite hostname="Tanveer-QA" failures="0" tests="2" name="api.testcases.Adminusertestcase" time="2.080" errors="0" timestamp="2025-07-14T13:48:05 PKT" skipped="0">
  <testcase classname="api.testcases.Adminusertestcase" name="testadminuserfetch" time="0.727"/>
  <testcase classname="api.testcases.Adminusertestcase" name="testadminuserfetchbyid" time="1.353"/>
</testsuite> <!-- api.testcases.Adminusertestcase -->
