<?xml version="1.0" encoding="UTF-8"?>
<!-- Generated by org.testng.reporters.JUnitReportReporter -->
<testsuite hostname="Tanveer-QA" failures="0" tests="1" name="api.testcases.Adminleaderboardtestcase" time="1.397" errors="0" timestamp="2025-07-14T13:48:05 PKT" skipped="0">
  <testcase classname="api.testcases.Adminleaderboardtestcase" name="testadminleaderboard" time="1.397"/>
</testsuite> <!-- api.testcases.Adminleaderboardtestcase -->
