<?xml version="1.0" encoding="UTF-8"?>
<!-- Generated by org.testng.reporters.JUnitReportReporter -->
<testsuite hostname="Tanveer-QA" failures="0" tests="1" name="api.testcases.Adminlogout" time="5.243" errors="0" timestamp="2025-07-09T17:51:35 PKT" skipped="0">
  <testcase classname="api.testcases.Adminlogout" name="testadminlogout" time="5.243"/>
</testsuite> <!-- api.testcases.Adminlogout -->
