<?xml version="1.0" encoding="UTF-8"?>
<!-- Generated by org.testng.reporters.JUnitReportReporter -->
<testsuite hostname="Tanveer-QA" failures="0" tests="5" name="api.testcases.Adminavatartestcase" time="5.738" errors="0" timestamp="2025-07-14T13:48:05 PKT" skipped="0">
  <testcase classname="api.testcases.Adminavatartestcase" name="testadminavatarcreate" time="0.657"/>
  <testcase classname="api.testcases.Adminavatartestcase" name="testadminavatarcreate" time="0.722"/>
  <testcase classname="api.testcases.Adminavatartestcase" name="testadminavatarfetch" time="0.763"/>
  <testcase classname="api.testcases.Adminavatartestcase" name="testadminavatarupdate" time="1.586"/>
  <testcase classname="api.testcases.Adminavatartestcase" name="testadminavatardelete" time="2.010"/>
</testsuite> <!-- api.testcases.Adminavatartestcase -->
