<?xml version="1.0" encoding="UTF-8"?>
<!-- Generated by org.testng.reporters.JUnitReportReporter -->
<testsuite hostname="Tanveer-QA" failures="0" tests="6" name="api.testcases.Admindailyrewardtestcase" time="6.549" errors="0" timestamp="2025-07-14T13:48:05 PKT" skipped="0">
  <testcase classname="api.testcases.Admindailyrewardtestcase" name="testadmindailyrewardcreate" time="0.631"/>
  <testcase classname="api.testcases.Admindailyrewardtestcase" name="testadmindailyrewardcreate" time="0.647"/>
  <testcase classname="api.testcases.Admindailyrewardtestcase" name="testadmindailyrewardcreate" time="0.647"/>
  <testcase classname="api.testcases.Admindailyrewardtestcase" name="testadmindailyrewardfetch" time="0.654"/>
  <testcase classname="api.testcases.Admindailyrewardtestcase" name="testadmindailyrewardupdate" time="1.325"/>
  <testcase classname="api.testcases.Admindailyrewardtestcase" name="testadmindailyrewarddelete" time="2.645"/>
</testsuite> <!-- api.testcases.Admindailyrewardtestcase -->
