<?xml version="1.0" encoding="UTF-8"?>
<!-- Generated by org.testng.reporters.JUnitReportReporter -->
<testsuite hostname="Tanveer-QA" failures="0" tests="2" name="api.testcases.Admincurrencytestcase" time="2.070" errors="0" timestamp="2025-07-14T13:48:05 PKT" skipped="0">
  <testcase classname="api.testcases.Admincurrencytestcase" name="testadmincurrencyfetch" time="0.678"/>
  <testcase classname="api.testcases.Admincurrencytestcase" name="testadmicurrencyupdate" time="1.392"/>
</testsuite> <!-- api.testcases.Admincurrencytestcase -->
