<?xml version="1.0" encoding="UTF-8"?>
<!-- Generated by org.testng.reporters.JUnitReportReporter -->
<testsuite hostname="Tanveer-QA" failures="0" tests="6" name="api.testcases.Adminpoweruptestcase" time="6.553" errors="0" timestamp="2025-07-14T13:48:05 PKT" skipped="0">
  <testcase classname="api.testcases.Adminpoweruptestcase" name="testadminpowerupcreate" time="0.671"/>
  <testcase classname="api.testcases.Adminpoweruptestcase" name="testadminpowerupcreate" time="0.625"/>
  <testcase classname="api.testcases.Adminpoweruptestcase" name="testadminpowerupcreate" time="0.638"/>
  <testcase classname="api.testcases.Adminpoweruptestcase" name="testadminpowerupfetch" time="0.663"/>
  <testcase classname="api.testcases.Adminpoweruptestcase" name="testadminpowerupupdate" time="1.308"/>
  <testcase classname="api.testcases.Adminpoweruptestcase" name="testadminpowerpdelete" time="2.648"/>
</testsuite> <!-- api.testcases.Adminpoweruptestcase -->
