<?xml version="1.0" encoding="UTF-8"?>
<!-- Generated by org.testng.reporters.JUnitReportReporter -->
<testsuite hostname="Tanveer-QA" failures="0" tests="4" name="api.testcases.Adminpointswagertestcase" time="6.359" errors="0" timestamp="2025-07-11T14:06:06 PKT" skipped="0">
  <testcase classname="api.testcases.Adminpointswagertestcase" name="testadminpointwagercreate" time="0.735"/>
  <testcase classname="api.testcases.Adminpointswagertestcase" name="testadminpointwagerfetch" time="0.719"/>
  <testcase classname="api.testcases.Adminpointswagertestcase" name="testadminpointwagerupdate" time="1.549"/>
  <testcase classname="api.testcases.Adminpointswagertestcase" name="testadminpointwagerdelete" time="3.356"/>
</testsuite> <!-- api.testcases.Adminpointswagertestcase -->
