<?xml version="1.0" encoding="UTF-8"?>
<!-- Generated by org.testng.reporters.JUnitReportReporter -->
<testsuite hostname="Tanveer-QA" failures="0" tests="1" name="api.testcases.Adminsignintestcase" time="20.919" errors="0" timestamp="2025-07-11T14:06:06 PKT" skipped="0">
  <testcase classname="api.testcases.Adminsignintestcase" name="testadminsignin" time="20.919"/>
</testsuite> <!-- api.testcases.Adminsignintestcase -->
