<?xml version="1.0" encoding="UTF-8"?>
<!-- Generated by org.testng.reporters.JUnitReportReporter -->
<testsuite hostname="Tanveer-QA" failures="0" tests="5" name="api.testcases.Adminavatartestcase" time="6.144" errors="0" timestamp="2025-07-11T14:06:06 PKT" skipped="0">
  <testcase classname="api.testcases.Adminavatartestcase" name="testadminavatarcreate" time="0.723"/>
  <testcase classname="api.testcases.Adminavatartestcase" name="testadminavatarcreate" time="0.689"/>
  <testcase classname="api.testcases.Adminavatartestcase" name="testadminavatarfetch" time="0.729"/>
  <testcase classname="api.testcases.Adminavatartestcase" name="testadminavatarupdate" time="1.630"/>
  <testcase classname="api.testcases.Adminavatartestcase" name="testadminavatardelete" time="2.373"/>
</testsuite> <!-- api.testcases.Adminavatartestcase -->
