<?xml version="1.0" encoding="UTF-8"?>
<!-- Generated by org.testng.reporters.JUnitReportReporter -->
<testsuite hostname="Tanveer-QA" failures="0" tests="6" name="api.testcases.Adminpoweruptestcase" time="7.331" errors="0" timestamp="2025-07-11T14:06:06 PKT" skipped="0">
  <testcase classname="api.testcases.Adminpoweruptestcase" name="testadminpowerupcreate" time="0.790"/>
  <testcase classname="api.testcases.Adminpoweruptestcase" name="testadminpowerupcreate" time="0.857"/>
  <testcase classname="api.testcases.Adminpoweruptestcase" name="testadminpowerupcreate" time="0.725"/>
  <testcase classname="api.testcases.Adminpoweruptestcase" name="testadminpowerupfetch" time="0.704"/>
  <testcase classname="api.testcases.Adminpoweruptestcase" name="testadminpowerupupdate" time="1.398"/>
  <testcase classname="api.testcases.Adminpoweruptestcase" name="testadminpowerpdelete" time="2.857"/>
</testsuite> <!-- api.testcases.Adminpoweruptestcase -->
