<?xml version="1.0" encoding="UTF-8"?>
<!-- Generated by org.testng.reporters.JUnitReportReporter -->
<testsuite hostname="Tanveer-QA" failures="0" tests="1" name="api.testcases.Adminleaderboardtestcase" time="1.514" errors="0" timestamp="2025-07-11T14:06:06 PKT" skipped="0">
  <testcase classname="api.testcases.Adminleaderboardtestcase" name="testadminleaderboard" time="1.514"/>
</testsuite> <!-- api.testcases.Adminleaderboardtestcase -->
